<?xml version="1.0" encoding="UTF-8"?>
<!-- Generated by org.testng.reporters.JUnitReportReporter -->
<testsuite skipped="0" hostname="DESKTOP-OUP8KBL" name="global.APP.starter.Runner" tests="1" failures="0" timestamp="26 Feb 2021 10:33:52 GMT" time="91.103" errors="0">
  <testcase name="scenario" time="91.103" classname="global.APP.starter.Runner"/>
</testsuite> <!-- global.APP.starter.Runner -->
